#
# There is insufficient memory for the Java Runtime Environment to continue.
# Native memory allocation (malloc) failed to allocate 2027328 bytes for Chunk::new
# Possible reasons:
#   The system is out of physical RAM or swap space
#   In 32 bit mode, the process size limit was hit
# Possible solutions:
#   Reduce memory load on the system
#   Increase physical memory or swap space
#   Check if swap backing store is full
#   Use 64 bit Java on a 64 bit OS
#   Decrease Java heap size (-Xmx/-Xms)
#   Decrease number of Java threads
#   Decrease Java thread stack sizes (-Xss)
#   Set larger code cache with -XX:ReservedCodeCacheSize=
# This output file may be truncated or incomplete.
#
#  Out of Memory Error (allocation.cpp:390), pid=5948, tid=0x0000000000001ac8
#
# JRE version: Java(TM) SE Runtime Environment (8.0_191-b12) (build 1.8.0_191-b12)
# Java VM: Java HotSpot(TM) 64-Bit Server VM (25.191-b12 mixed mode windows-amd64 compressed oops)
# Failed to write core dump. Minidumps are not enabled by default on client versions of Windows
#

---------------  T H R E A D  ---------------

Current thread (0x000000005902e800):  JavaThread "C2 CompilerThread0" daemon [_thread_in_native, id=6856, stack(0x0000000059710000,0x0000000059810000)]

Stack: [0x0000000059710000,0x0000000059810000]
[error occurred during error reporting (printing stack bounds), id 0xc0000005]

Native frames: (J=compiled Java code, j=interpreted, Vv=VM code, C=native code)


Current CompileTask:
C2:   2791 1630   !   4       java.net.URLClassLoader$1::run (63 bytes)


---------------  P R O C E S S  ---------------

Java Threads: ( => current thread )
  0x00000000590bb000 JavaThread "Service Thread" daemon [_thread_blocked, id=6724, stack(0x0000000059b50000,0x0000000059c50000)]
  0x0000000059034800 JavaThread "C1 CompilerThread2" daemon [_thread_blocked, id=5888, stack(0x0000000059900000,0x0000000059a00000)]
  0x0000000059034000 JavaThread "C2 CompilerThread1" daemon [_thread_in_native, id=7676, stack(0x0000000059440000,0x0000000059540000)]
=>0x000000005902e800 JavaThread "C2 CompilerThread0" daemon [_thread_in_native, id=6856, stack(0x0000000059710000,0x0000000059810000)]
  0x0000000059018800 JavaThread "Attach Listener" daemon [_thread_blocked, id=1596, stack(0x0000000059540000,0x0000000059640000)]
  0x0000000057272800 JavaThread "Signal Dispatcher" daemon [_thread_blocked, id=5328, stack(0x0000000058c80000,0x0000000058d80000)]
  0x0000000057260800 JavaThread "Finalizer" daemon [_thread_blocked, id=8100, stack(0x0000000058f10000,0x0000000059010000)]
  0x0000000057259800 JavaThread "Reference Handler" daemon [_thread_blocked, id=6104, stack(0x0000000058dd0000,0x0000000058ed0000)]
  0x0000000002278800 JavaThread "main" [_thread_in_native, id=6836, stack(0x00000000025f0000,0x00000000026f0000)]

Other Threads:
  0x0000000057212000 VMThread [stack: 0x0000000058b20000,0x0000000058c20000] [id=6172]
  0x00000000590f8800 WatcherThread [stack: 0x0000000059da0000,0x0000000059ea0000] [id=7520]

VM state:not at safepoint (normal execution)

VM Mutex/Monitor currently owned by a thread: None

Heap:
 PSYoungGen      total 36864K, used 36857K [0x00000000d6f80000, 0x00000000d9880000, 0x0000000100000000)
  eden space 31744K, 100% used [0x00000000d6f80000,0x00000000d8e80000,0x00000000d8e80000)
  from space 5120K, 99% used [0x00000000d9380000,0x00000000d987e6e0,0x00000000d9880000)
  to   space 5120K, 0% used [0x00000000d8e80000,0x00000000d8e80000,0x00000000d9380000)
 ParOldGen       total 84992K, used 1760K [0x0000000084e00000, 0x000000008a100000, 0x00000000d6f80000)
  object space 84992K, 2% used [0x0000000084e00000,0x0000000084fb82e8,0x000000008a100000)
 Metaspace       used 15012K, capacity 15336K, committed 15616K, reserved 1062912K
  class space    used 1832K, capacity 1942K, committed 2048K, reserved 1048576K

Card table byte_map: [0x0000000011ab0000,0x0000000011e90000] byte_map_base: 0x0000000011689000

Marking Bits: (ParMarkBitMap*) 0x0000000058573e30
 Begin Bits: [0x0000000012710000, 0x00000000145d8000)
 End Bits:   [0x00000000145d8000, 0x00000000164a0000)

Polling page: 0x0000000002340000

CodeCache: size=245760Kb used=6081Kb max_used=6081Kb free=239679Kb
 bounds [0x00000000026f0000, 0x0000000002cf0000, 0x00000000116f0000]
 total_blobs=2147 nmethods=1788 adapters=271
 compilation: enabled

Compilation events (10 events):
Event: 2.618 Thread 0x0000000059034800 1762       3       org.codehaus.plexus.configuration.DefaultPlexusConfiguration::addChild (7 bytes)
Event: 2.618 Thread 0x0000000059034800 nmethod 1762 0x0000000002cc7590 code [0x0000000002cc7700, 0x0000000002cc7908]
Event: 2.618 Thread 0x0000000059034800 1766       3       java.util.LinkedList::add (7 bytes)
Event: 2.618 Thread 0x0000000059034800 nmethod 1766 0x0000000002cc7990 code [0x0000000002cc7b00, 0x0000000002cc7c88]
Event: 2.634 Thread 0x0000000059034800 1767   !   3       org.codehaus.plexus.util.xml.pull.MXParser::parseComment (486 bytes)
Event: 2.635 Thread 0x0000000059034800 nmethod 1767 0x0000000002cc7d10 code [0x0000000002cc80c0, 0x0000000002cc9f88]
Event: 2.635 Thread 0x0000000059034800 1768       1       org.eclipse.aether.artifact.DefaultArtifact::getVersion (5 bytes)
Event: 2.636 Thread 0x0000000059034800 nmethod 1768 0x0000000002ccb290 code [0x0000000002ccb3e0, 0x0000000002ccb4f0]
Event: 2.668 Thread 0x0000000059034800 1769       3       org.eclipse.aether.artifact.DefaultArtifact::emptify (11 bytes)
Event: 2.668 Thread 0x0000000059034800 nmethod 1769 0x0000000002ccb550 code [0x0000000002ccb6a0, 0x0000000002ccb830]

GC Heap History (4 events):
Event: 1.532 GC heap before
{Heap before GC invocations=1 (full 0):
 PSYoungGen      total 36864K, used 31744K [0x00000000d6f80000, 0x00000000d9880000, 0x0000000100000000)
  eden space 31744K, 100% used [0x00000000d6f80000,0x00000000d8e80000,0x00000000d8e80000)
  from space 5120K, 0% used [0x00000000d9380000,0x00000000d9380000,0x00000000d9880000)
  to   space 5120K, 0% used [0x00000000d8e80000,0x00000000d8e80000,0x00000000d9380000)
 ParOldGen       total 84992K, used 0K [0x0000000084e00000, 0x000000008a100000, 0x00000000d6f80000)
  object space 84992K, 0% used [0x0000000084e00000,0x0000000084e00000,0x000000008a100000)
 Metaspace       used 8003K, capacity 8200K, committed 8320K, reserved 1056768K
  class space    used 974K, capacity 1052K, committed 1152K, reserved 1048576K
Event: 1.537 GC heap after
Heap after GC invocations=1 (full 0):
 PSYoungGen      total 36864K, used 5103K [0x00000000d6f80000, 0x00000000d9880000, 0x0000000100000000)
  eden space 31744K, 0% used [0x00000000d6f80000,0x00000000d6f80000,0x00000000d8e80000)
  from space 5120K, 99% used [0x00000000d8e80000,0x00000000d937bcf0,0x00000000d9380000)
  to   space 5120K, 0% used [0x00000000d9380000,0x00000000d9380000,0x00000000d9880000)
 ParOldGen       total 84992K, used 246K [0x0000000084e00000, 0x000000008a100000, 0x00000000d6f80000)
  object space 84992K, 0% used [0x0000000084e00000,0x0000000084e3da48,0x000000008a100000)
 Metaspace       used 8003K, capacity 8200K, committed 8320K, reserved 1056768K
  class space    used 974K, capacity 1052K, committed 1152K, reserved 1048576K
}
Event: 1.867 GC heap before
{Heap before GC invocations=2 (full 0):
 PSYoungGen      total 36864K, used 36847K [0x00000000d6f80000, 0x00000000d9880000, 0x0000000100000000)
  eden space 31744K, 100% used [0x00000000d6f80000,0x00000000d8e80000,0x00000000d8e80000)
  from space 5120K, 99% used [0x00000000d8e80000,0x00000000d937bcf0,0x00000000d9380000)
  to   space 5120K, 0% used [0x00000000d9380000,0x00000000d9380000,0x00000000d9880000)
 ParOldGen       total 84992K, used 246K [0x0000000084e00000, 0x000000008a100000, 0x00000000d6f80000)
  object space 84992K, 0% used [0x0000000084e00000,0x0000000084e3da48,0x000000008a100000)
 Metaspace       used 11163K, capacity 11370K, committed 11520K, reserved 1058816K
  class space    used 1372K, capacity 1447K, committed 1536K, reserved 1048576K
Event: 1.871 GC heap after
Heap after GC invocations=2 (full 0):
 PSYoungGen      total 36864K, used 5113K [0x00000000d6f80000, 0x00000000d9880000, 0x0000000100000000)
  eden space 31744K, 0% used [0x00000000d6f80000,0x00000000d6f80000,0x00000000d8e80000)
  from space 5120K, 99% used [0x00000000d9380000,0x00000000d987e6e0,0x00000000d9880000)
  to   space 5120K, 0% used [0x00000000d8e80000,0x00000000d8e80000,0x00000000d9380000)
 ParOldGen       total 84992K, used 1760K [0x0000000084e00000, 0x000000008a100000, 0x00000000d6f80000)
  object space 84992K, 2% used [0x0000000084e00000,0x0000000084fb82e8,0x000000008a100000)
 Metaspace       used 11163K, capacity 11370K, committed 11520K, reserved 1058816K
  class space    used 1372K, capacity 1447K, committed 1536K, reserved 1048576K
}

Deoptimization events (10 events):
Event: 1.972 Thread 0x0000000002278800 Uncommon trap: reason=class_check action=maybe_recompile pc=0x0000000002a3d3bc method=java.util.HashMap.putVal(ILjava/lang/Object;Ljava/lang/Object;ZZ)Ljava/lang/Object; @ 203
Event: 1.973 Thread 0x0000000002278800 Uncommon trap: reason=class_check action=maybe_recompile pc=0x0000000002a3d3bc method=java.util.HashMap.putVal(ILjava/lang/Object;Ljava/lang/Object;ZZ)Ljava/lang/Object; @ 203
Event: 2.040 Thread 0x0000000002278800 Uncommon trap: reason=class_check action=maybe_recompile pc=0x0000000002a3d3bc method=java.util.HashMap.putVal(ILjava/lang/Object;Ljava/lang/Object;ZZ)Ljava/lang/Object; @ 203
Event: 2.254 Thread 0x0000000002278800 Uncommon trap: reason=unstable_if action=reinterpret pc=0x00000000028a6184 method=java.lang.String.replace(CC)Ljava/lang/String; @ 2
Event: 2.313 Thread 0x0000000002278800 Uncommon trap: reason=predicate action=maybe_recompile pc=0x0000000002a7dfb8 method=java.lang.String.regionMatches(ZILjava/lang/String;II)Z @ 63
Event: 2.412 Thread 0x0000000002278800 Uncommon trap: reason=unstable_if action=reinterpret pc=0x0000000002c2bae8 method=org.codehaus.plexus.util.xml.pull.MXParser.isS(C)Z @ 21
Event: 2.481 Thread 0x0000000002278800 Uncommon trap: reason=unstable_if action=reinterpret pc=0x000000000296dcf4 method=sun.nio.cs.UTF_8$Decoder.decode([BII[C)I @ 30
Event: 2.503 Thread 0x0000000002278800 Uncommon trap: reason=unstable_if action=reinterpret pc=0x00000000029a32e8 method=sun.nio.cs.UTF_8$Decoder.decodeArrayLoop(Ljava/nio/ByteBuffer;Ljava/nio/CharBuffer;)Ljava/nio/charset/CoderResult; @ 84
Event: 2.558 Thread 0x0000000002278800 Uncommon trap: reason=unstable_if action=reinterpret pc=0x0000000002abc7e0 method=java.util.HashMap.hash(Ljava/lang/Object;)I @ 1
Event: 2.559 Thread 0x0000000002278800 Uncommon trap: reason=unstable_if action=reinterpret pc=0x0000000002aef9e4 method=java.util.HashMap.hash(Ljava/lang/Object;)I @ 1

Classes redefined (0 events):
No events

Internal exceptions (10 events):
Event: 2.034 Thread 0x0000000002278800 Exception <a 'java/lang/NoClassDefFoundError'> (0x00000000d7c04330) thrown at [C:\re\workspace\8-2-build-windows-amd64-cygwin\jdk8u191\11896\hotspot\src\share\vm\prims\jvm.cpp, line 1439]
Event: 2.034 Thread 0x0000000002278800 Exception <a 'java/lang/NoClassDefFoundError': javax/annotation/Priority> (0x00000000d7c095d0) thrown at [C:\re\workspace\8-2-build-windows-amd64-cygwin\jdk8u191\11896\hotspot\src\share\vm\classfile\systemDictionary.cpp, line 199]
Event: 2.190 Thread 0x0000000002278800 Exception <a 'java/lang/NullPointerException'> (0x00000000d8281178) thrown at [C:\re\workspace\8-2-build-windows-amd64-cygwin\jdk8u191\11896\hotspot\src\share\vm\interpreter\linkResolver.cpp, line 1185]
Event: 2.190 Thread 0x0000000002278800 Exception <a 'java/lang/NullPointerException'> (0x00000000d8281390) thrown at [C:\re\workspace\8-2-build-windows-amd64-cygwin\jdk8u191\11896\hotspot\src\share\vm\interpreter\linkResolver.cpp, line 1185]
Event: 2.190 Thread 0x0000000002278800 Exception <a 'java/lang/NullPointerException'> (0x00000000d82815a8) thrown at [C:\re\workspace\8-2-build-windows-amd64-cygwin\jdk8u191\11896\hotspot\src\share\vm\interpreter\linkResolver.cpp, line 1185]
Event: 2.190 Thread 0x0000000002278800 Exception <a 'java/lang/NullPointerException'> (0x00000000d828a070) thrown at [C:\re\workspace\8-2-build-windows-amd64-cygwin\jdk8u191\11896\hotspot\src\share\vm\interpreter\linkResolver.cpp, line 1185]
Event: 2.190 Thread 0x0000000002278800 Exception <a 'java/lang/NullPointerException'> (0x00000000d828a288) thrown at [C:\re\workspace\8-2-build-windows-amd64-cygwin\jdk8u191\11896\hotspot\src\share\vm\interpreter\linkResolver.cpp, line 1185]
Event: 2.190 Thread 0x0000000002278800 Exception <a 'java/lang/NullPointerException'> (0x00000000d828a4a0) thrown at [C:\re\workspace\8-2-build-windows-amd64-cygwin\jdk8u191\11896\hotspot\src\share\vm\interpreter\linkResolver.cpp, line 1185]
Event: 2.558 Thread 0x0000000002278800 Implicit null exception at 0x0000000002abc605 to 0x0000000002abc7d1
Event: 2.559 Thread 0x0000000002278800 Implicit null exception at 0x0000000002aef96f to 0x0000000002aef9d5

Events (10 events):
Event: 2.559 Thread 0x0000000002278800 DEOPT PACKING pc=0x0000000002aef9e4 sp=0x00000000026ede10
Event: 2.559 Thread 0x0000000002278800 DEOPT UNPACKING pc=0x000000000273583b sp=0x00000000026eddb0 mode 2
Event: 2.587 Thread 0x0000000002278800 DEOPT PACKING pc=0x0000000002c6a0b2 sp=0x00000000026ecf90
Event: 2.587 Thread 0x0000000002278800 DEOPT UNPACKING pc=0x0000000002737890 sp=0x00000000026ece10 mode 0
Event: 2.594 Thread 0x0000000002278800 DEOPT PACKING pc=0x0000000002c6a0b2 sp=0x00000000026ecf90
Event: 2.594 Thread 0x0000000002278800 DEOPT UNPACKING pc=0x0000000002737890 sp=0x00000000026ece10 mode 0
Event: 2.611 loading class org/codehaus/plexus/component/repository/ComponentRequirement
Event: 2.611 loading class org/codehaus/plexus/component/repository/ComponentRequirement done
Event: 2.634 Thread 0x0000000002278800 DEOPT PACKING pc=0x0000000002c6a0b2 sp=0x00000000026ed0f0
Event: 2.634 Thread 0x0000000002278800 DEOPT UNPACKING pc=0x0000000002737890 sp=0x00000000026ecf70 mode 0


Dynamic libraries:
0x000000013fa60000 - 0x000000013fa97000 	D:\Java\jdk1.8.0_191\bin\java.exe
0x0000000077330000 - 0x00000000774d9000 	C:\Windows\SYSTEM32\ntdll.dll
0x0000000077110000 - 0x000000007722f000 	C:\Windows\system32\kernel32.dll
0x000007fefcf70000 - 0x000007fefcfdb000 	C:\Windows\system32\KERNELBASE.dll
0x000007feff140000 - 0x000007feff21b000 	C:\Windows\system32\ADVAPI32.dll
0x000007feff480000 - 0x000007feff51f000 	C:\Windows\system32\msvcrt.dll
0x000007fefdba0000 - 0x000007fefdbbf000 	C:\Windows\SYSTEM32\sechost.dll
0x000007fefdcf0000 - 0x000007fefde1d000 	C:\Windows\system32\RPCRT4.dll
0x0000000077230000 - 0x000000007732a000 	C:\Windows\system32\USER32.dll
0x000007fefd3a0000 - 0x000007fefd407000 	C:\Windows\system32\GDI32.dll
0x000007fefde20000 - 0x000007fefde2e000 	C:\Windows\system32\LPK.dll
0x000007fefd9b0000 - 0x000007fefda79000 	C:\Windows\system32\USP10.dll
0x000007fefb840000 - 0x000007fefba34000 	C:\Windows\WinSxS\amd64_microsoft.windows.common-controls_6595b64144ccf1df_6.0.7601.17514_none_fa396087175ac9ac\COMCTL32.dll
0x000007fefdc10000 - 0x000007fefdc81000 	C:\Windows\system32\SHLWAPI.dll
0x000007feff2e0000 - 0x000007feff30e000 	C:\Windows\system32\IMM32.DLL
0x000007feff520000 - 0x000007feff629000 	C:\Windows\system32\MSCTF.dll
0x0000000058600000 - 0x00000000586d2000 	D:\Java\jdk1.8.0_191\jre\bin\msvcr100.dll
0x0000000057d50000 - 0x00000000585f4000 	D:\Java\jdk1.8.0_191\jre\bin\server\jvm.dll
0x000007fef90b0000 - 0x000007fef90b9000 	C:\Windows\system32\WSOCK32.dll
0x000007fefdbc0000 - 0x000007fefdc0d000 	C:\Windows\system32\WS2_32.dll
0x000007feff630000 - 0x000007feff638000 	C:\Windows\system32\NSI.dll
0x000007fefd080000 - 0x000007fefd0bb000 	C:\Windows\system32\WINMM.dll
0x000007fefbfe0000 - 0x000007fefbfec000 	C:\Windows\system32\VERSION.dll
0x0000000077500000 - 0x0000000077507000 	C:\Windows\system32\PSAPI.DLL
0x000000005a230000 - 0x000000005a23f000 	D:\Java\jdk1.8.0_191\jre\bin\verify.dll
0x000000005a200000 - 0x000000005a229000 	D:\Java\jdk1.8.0_191\jre\bin\java.dll
0x000000005a1e0000 - 0x000000005a1f6000 	D:\Java\jdk1.8.0_191\jre\bin\zip.dll
0x000007fefde30000 - 0x000007fefebb8000 	C:\Windows\system32\SHELL32.dll
0x000007fefd410000 - 0x000007fefd613000 	C:\Windows\system32\ole32.dll
0x000007fefcf40000 - 0x000007fefcf4f000 	C:\Windows\system32\profapi.dll
0x000007fef74f0000 - 0x000007fef74fa000 	D:\Program Files\apache-maven-3.6.0\lib\jansi-native\windows64\jansi.dll
0x000000005a1c0000 - 0x000000005a1da000 	D:\Java\jdk1.8.0_191\jre\bin\net.dll
0x000007fefc780000 - 0x000007fefc7d5000 	C:\Windows\system32\mswsock.dll
0x000007fefc770000 - 0x000007fefc777000 	C:\Windows\System32\wship6.dll
0x000000005a1a0000 - 0x000000005a1b1000 	D:\Java\jdk1.8.0_191\jre\bin\nio.dll

VM Arguments:
jvm_args: -Dclassworlds.conf=D:\Program Files\apache-maven-3.6.0\bin\..\bin\m2.conf -Dmaven.home=D:\Program Files\apache-maven-3.6.0\bin\.. -Dlibrary.jansi.path=D:\Program Files\apache-maven-3.6.0\bin\..\lib\jansi-native -Dmaven.multiModuleProjectDirectory=C:\Users\Administrator\eclipse-workspace\yt 
java_command: org.codehaus.plexus.classworlds.launcher.Launcher clean package
java_class_path (initial): D:\Program Files\apache-maven-3.6.0\bin\..\boot\plexus-classworlds-2.5.2.jar
Launcher Type: SUN_STANDARD

Environment Variables:
JAVA_HOME=D:\Java\jdk1.8.0_191
CLASSPATH=.;C:\Program Files (x86)\QuickTime\QTSystem\QTJava.zip;D:\Java\jdk1.8.0_191\lib;D:\Java\jdk1.8.0_191\lib\tools.jar;D:\apache-jmeter-3.2\lib\ext\ApacheJMeter_core.jar; D:\apache-jmeter-3.2\lib\jorphan.jar;
PATH=D:\Python37\Scripts\;D:\Python37\;C:\Program Files (x86)\Common Files\Oracle\Java\javapath;C:\Program Files (x86)\Intel\iCLS Client\;C:\Program Files\Intel\iCLS Client\;C:\Windows\system32;C:\Windows;C:\Windows\System32\Wbem;C:\Windows\System32\WindowsPowerShell\v1.0\;C:\Program Files (x86)\Intel\OpenCL SDK\2.0\bin\x86;C:\Program Files (x86)\Intel\OpenCL SDK\2.0\bin\x64;C:\Program Files\Intel\Intel(R) Management Engine Components\DAL;C:\Program Files\Intel\Intel(R) Management Engine Components\IPT;C:\Program Files (x86)\Intel\Intel(R) Management Engine Components\DAL;C:\Program Files (x86)\Intel\Intel(R) Management Engine Components\IPT;C:\Program Files (x86)\QuickTime\QTSystem\;C:\Program Files\TortoiseSVN\bin;D:\Java\jdk1.8.0_191\bin;D:\Java\jdk1.8.0_191\jre\bin;D:\apache-jmeter-3.2\bin;C:\Program Files\PuTTY\;d:\adb\;C:\Program Files\Git\cmd;D:\Program Files\apache-maven-3.6.0\bin\;
USERNAME=Administrator
OS=Windows_NT
PROCESSOR_IDENTIFIER=Intel64 Family 6 Model 58 Stepping 9, GenuineIntel



---------------  S Y S T E M  ---------------

OS: Windows 7 , 64 bit Build 7601 (6.1.7601.18229)

CPU:total 4 (initial active 4) (4 cores per cpu, 1 threads per core) family 6 model 58 stepping 9, cmov, cx8, fxsr, mmx, sse, sse2, sse3, ssse3, sse4.1, sse4.2, popcnt, avx, aes, clmul, erms, tsc, tscinvbit, tscinv

Memory: 4k page, physical 8066168k(984628k free), swap 8064308k(5696k free)

vm_info: Java HotSpot(TM) 64-Bit Server VM (25.191-b12) for windows-amd64 JRE (1.8.0_191-b12), built on Oct  6 2018 09:29:03 by "java_re" with MS VC++ 10.0 (VS2010)

time: Mon Mar 04 11:58:56 2019
elapsed time: 2 seconds (0d 0h 0m 2s)

